Compiling the C compiler identification source file "CMakeCCompilerId.c" failed.
Compiler: /usr/bin/cc 
Build flags: 
Id flags:  

The output was:
1
/usr/bin/ld: cannot find Scrt1.o: No such file or directory
/usr/bin/ld: cannot find crti.o: No such file or directory
collect2: error: ld returned 1 exit status


Compiling the CXX compiler identification source file "CMakeCXXCompilerId.cpp" failed.
Compiler: CMAKE_CXX_COMPILER-NOTFOUND 
Build flags: 
Id flags:  

The output was:
No such file or directory


Compiling the CXX compiler identification source file "CMakeCXXCompilerId.cpp" failed.
Compiler: CMAKE_CXX_COMPILER-NOTFOUND 
Build flags: 
Id flags: -c 

The output was:
No such file or directory


Compiling the CXX compiler identification source file "CMakeCXXCompilerId.cpp" failed.
Compiler: CMAKE_CXX_COMPILER-NOTFOUND 
Build flags: 
Id flags: --c++ 

The output was:
No such file or directory


Compiling the CXX compiler identification source file "CMakeCXXCompilerId.cpp" failed.
Compiler: CMAKE_CXX_COMPILER-NOTFOUND 
Build flags: 
Id flags: --ec++ 

The output was:
No such file or directory


Compiling the CXX compiler identification source file "CMakeCXXCompilerId.cpp" failed.
Compiler: CMAKE_CXX_COMPILER-NOTFOUND 
Build flags: 
Id flags:  

The output was:
No such file or directory


Compiling the CXX compiler identification source file "CMakeCXXCompilerId.cpp" failed.
Compiler: CMAKE_CXX_COMPILER-NOTFOUND 
Build flags: 
Id flags: -c 

The output was:
No such file or directory


Compiling the CXX compiler identification source file "CMakeCXXCompilerId.cpp" failed.
Compiler: CMAKE_CXX_COMPILER-NOTFOUND 
Build flags: 
Id flags: --c++ 

The output was:
No such file or directory


Compiling the CXX compiler identification source file "CMakeCXXCompilerId.cpp" failed.
Compiler: CMAKE_CXX_COMPILER-NOTFOUND 
Build flags: 
Id flags: --ec++ 

The output was:
No such file or directory


Determining if the C compiler works failed with the following output:
Change Dir: /home/sven/projects/bonfire/CMakeFiles/CMakeTmp

Run Build Command:"/usr/bin/make" "cmTC_ae5fa/fast"
/usr/bin/make -f CMakeFiles/cmTC_ae5fa.dir/build.make CMakeFiles/cmTC_ae5fa.dir/build
make[1]: Entering directory '/home/sven/projects/bonfire/CMakeFiles/CMakeTmp'
Building C object CMakeFiles/cmTC_ae5fa.dir/testCCompiler.c.o
/usr/bin/cc    -o CMakeFiles/cmTC_ae5fa.dir/testCCompiler.c.o   -c /home/sven/projects/bonfire/CMakeFiles/CMakeTmp/testCCompiler.c
Linking C executable cmTC_ae5fa
/usr/bin/cmake -E cmake_link_script CMakeFiles/cmTC_ae5fa.dir/link.txt --verbose=1
/usr/bin/cc      -rdynamic CMakeFiles/cmTC_ae5fa.dir/testCCompiler.c.o  -o cmTC_ae5fa 
/usr/bin/ld: cannot find Scrt1.o: No such file or directory
/usr/bin/ld: cannot find crti.o: No such file or directory
collect2: error: ld returned 1 exit status
CMakeFiles/cmTC_ae5fa.dir/build.make:97: recipe for target 'cmTC_ae5fa' failed
make[1]: *** [cmTC_ae5fa] Error 1
make[1]: Leaving directory '/home/sven/projects/bonfire/CMakeFiles/CMakeTmp'
Makefile:126: recipe for target 'cmTC_ae5fa/fast' failed
make: *** [cmTC_ae5fa/fast] Error 2


Compiling the C compiler identification source file "CMakeCCompilerId.c" failed.
Compiler: /usr/bin/cc 
Build flags: 
Id flags:  

The output was:
1
/usr/bin/ld: cannot find Scrt1.o: No such file or directory
/usr/bin/ld: cannot find crti.o: No such file or directory
collect2: error: ld returned 1 exit status


Compiling the CXX compiler identification source file "CMakeCXXCompilerId.cpp" failed.
Compiler: CMAKE_CXX_COMPILER-NOTFOUND 
Build flags: 
Id flags:  

The output was:
No such file or directory


Compiling the CXX compiler identification source file "CMakeCXXCompilerId.cpp" failed.
Compiler: CMAKE_CXX_COMPILER-NOTFOUND 
Build flags: 
Id flags: -c 

The output was:
No such file or directory


Compiling the CXX compiler identification source file "CMakeCXXCompilerId.cpp" failed.
Compiler: CMAKE_CXX_COMPILER-NOTFOUND 
Build flags: 
Id flags: --c++ 

The output was:
No such file or directory


Compiling the CXX compiler identification source file "CMakeCXXCompilerId.cpp" failed.
Compiler: CMAKE_CXX_COMPILER-NOTFOUND 
Build flags: 
Id flags: --ec++ 

The output was:
No such file or directory


Compiling the CXX compiler identification source file "CMakeCXXCompilerId.cpp" failed.
Compiler: CMAKE_CXX_COMPILER-NOTFOUND 
Build flags: 
Id flags:  

The output was:
No such file or directory


Compiling the CXX compiler identification source file "CMakeCXXCompilerId.cpp" failed.
Compiler: CMAKE_CXX_COMPILER-NOTFOUND 
Build flags: 
Id flags: -c 

The output was:
No such file or directory


Compiling the CXX compiler identification source file "CMakeCXXCompilerId.cpp" failed.
Compiler: CMAKE_CXX_COMPILER-NOTFOUND 
Build flags: 
Id flags: --c++ 

The output was:
No such file or directory


Compiling the CXX compiler identification source file "CMakeCXXCompilerId.cpp" failed.
Compiler: CMAKE_CXX_COMPILER-NOTFOUND 
Build flags: 
Id flags: --ec++ 

The output was:
No such file or directory


Determining if the C compiler works failed with the following output:
Change Dir: /home/sven/projects/bonfire/CMakeFiles/CMakeTmp

Run Build Command:"/usr/bin/make" "cmTC_99c31/fast"
/usr/bin/make -f CMakeFiles/cmTC_99c31.dir/build.make CMakeFiles/cmTC_99c31.dir/build
make[1]: Entering directory '/home/sven/projects/bonfire/CMakeFiles/CMakeTmp'
Building C object CMakeFiles/cmTC_99c31.dir/testCCompiler.c.o
/usr/bin/cc    -o CMakeFiles/cmTC_99c31.dir/testCCompiler.c.o   -c /home/sven/projects/bonfire/CMakeFiles/CMakeTmp/testCCompiler.c
Linking C executable cmTC_99c31
/usr/bin/cmake -E cmake_link_script CMakeFiles/cmTC_99c31.dir/link.txt --verbose=1
/usr/bin/cc      -rdynamic CMakeFiles/cmTC_99c31.dir/testCCompiler.c.o  -o cmTC_99c31 
/usr/bin/ld: cannot find Scrt1.o: No such file or directory
/usr/bin/ld: cannot find crti.o: No such file or directory
collect2: error: ld returned 1 exit status
CMakeFiles/cmTC_99c31.dir/build.make:97: recipe for target 'cmTC_99c31' failed
make[1]: *** [cmTC_99c31] Error 1
make[1]: Leaving directory '/home/sven/projects/bonfire/CMakeFiles/CMakeTmp'
Makefile:126: recipe for target 'cmTC_99c31/fast' failed
make: *** [cmTC_99c31/fast] Error 2


